<?xml version="1.0" encoding="UTF-8"?>
<!-- Generated by org.testng.reporters.JUnitXMLReporter -->
<testsuite ignored="0" hostname="ganu" failures="0" tests="3" name="Default test" time="179.471" errors="0" timestamp="16 Sep 2021 17:20:37 GMT">
  <testcase classname="com.openhrm.qa.testcases.LoginPageTest" name="loginpageTitleTest" time="0.809"/>
  <testcase classname="com.openhrm.qa.testcases.LoginPageTest" name="loginpagelogoTest" time="1.0"/>
  <testcase classname="com.openhrm.qa.testcases.LoginPageTest" name="loginTest" time="11.645"/>
</testsuite> <!-- Default test -->
