<?xml version="1.0" encoding="UTF-8"?>
<!-- Generated by org.testng.reporters.JUnitXMLReporter -->
<testsuite ignored="0" hostname="ganu" failures="0" tests="5" name="OrangeHRMTest" time="94.032" errors="0" timestamp="18 Sep 2021 19:14:58 GMT">
  <testcase classname="com.openhrm.qa.testcases.LoginPageTest" name="loginpageTitleTest" time="0.217"/>
  <testcase classname="com.openhrm.qa.testcases.HomePageTest" name="userValidateTest" time="0.191"/>
  <testcase classname="com.openhrm.qa.testcases.LoginPageTest" name="loginpagelogoTest" time="0.409"/>
  <testcase classname="com.openhrm.qa.testcases.HomePageTest" name="admintabClickTest" time="3.443"/>
  <testcase classname="com.openhrm.qa.testcases.LoginPageTest" name="loginTest" time="6.222"/>
</testsuite> <!-- OrangeHRMTest -->
