<?xml version="1.0" encoding="UTF-8"?>
<!-- Generated by org.testng.reporters.JUnitXMLReporter -->
<testsuite ignored="0" hostname="ganu" failures="0" tests="5" name="OrangeHRMTest" time="96.629" errors="0" timestamp="12 Sep 2021 19:59:28 GMT">
  <testcase classname="com.openhrm.qa.testcases.LoginPageTest" name="loginpageTitleTest" time="0.419"/>
  <testcase classname="com.openhrm.qa.testcases.HomePageTest" name="userValidateTest" time="0.203"/>
  <testcase classname="com.openhrm.qa.testcases.LoginPageTest" name="loginpagelogoTest" time="0.146"/>
  <testcase classname="com.openhrm.qa.testcases.HomePageTest" name="admintabClickTest" time="4.926"/>
  <testcase classname="com.openhrm.qa.testcases.LoginPageTest" name="loginTest" time="6.305"/>
</testsuite> <!-- OrangeHRMTest -->
