<?xml version="1.0" encoding="UTF-8"?>
<testng-results ignored="0" total="2" passed="2" failed="0" skipped="0">
  <reporter-output>
  </reporter-output>
  <suite started-at="2021-09-18T19:29:36Z" name="Default suite" finished-at="2021-09-18T19:30:17Z" duration-ms="41180">
    <groups>
    </groups>
    <test started-at="2021-09-18T19:29:36Z" name="Default test" finished-at="2021-09-18T19:30:17Z" duration-ms="41180">
      <class name="com.openhrm.qa.testcases.HomePageTest">
        <test-method is-config="true" signature="setUp()[pri:0, instance:com.openhrm.qa.testcases.HomePageTest@28486680]" started-at="2021-09-18T19:29:36Z" name="setUp" finished-at="2021-09-18T19:29:55Z" duration-ms="18921" status="PASS">
          <reporter-output>
          </reporter-output>
        </test-method> <!-- setUp -->
        <test-method signature="userValidateTest()[pri:1, instance:com.openhrm.qa.testcases.HomePageTest@28486680]" started-at="2021-09-18T19:29:55Z" name="userValidateTest" finished-at="2021-09-18T19:29:56Z" duration-ms="297" status="PASS">
          <reporter-output>
          </reporter-output>
        </test-method> <!-- userValidateTest -->
        <test-method is-config="true" signature="tearDown()[pri:0, instance:com.openhrm.qa.testcases.HomePageTest@28486680]" started-at="2021-09-18T19:29:56Z" name="tearDown" finished-at="2021-09-18T19:29:56Z" duration-ms="636" status="PASS">
          <reporter-output>
          </reporter-output>
        </test-method> <!-- tearDown -->
        <test-method is-config="true" signature="setUp()[pri:0, instance:com.openhrm.qa.testcases.HomePageTest@28486680]" started-at="2021-09-18T19:29:56Z" name="setUp" finished-at="2021-09-18T19:30:13Z" duration-ms="17082" status="PASS">
          <reporter-output>
          </reporter-output>
        </test-method> <!-- setUp -->
        <test-method signature="admintabClickTest()[pri:2, instance:com.openhrm.qa.testcases.HomePageTest@28486680]" started-at="2021-09-18T19:30:13Z" name="admintabClickTest" finished-at="2021-09-18T19:30:16Z" duration-ms="3063" status="PASS">
          <reporter-output>
          </reporter-output>
        </test-method> <!-- admintabClickTest -->
        <test-method is-config="true" signature="tearDown()[pri:0, instance:com.openhrm.qa.testcases.HomePageTest@28486680]" started-at="2021-09-18T19:30:16Z" name="tearDown" finished-at="2021-09-18T19:30:17Z" duration-ms="587" status="PASS">
          <reporter-output>
          </reporter-output>
        </test-method> <!-- tearDown -->
      </class> <!-- com.openhrm.qa.testcases.HomePageTest -->
    </test> <!-- Default test -->
  </suite> <!-- Default suite -->
</testng-results>
